================================== test session starts ==================================
platform darwin -- Python 3.10.20, pytest-9.0.3, pluggy-1.6.0 -- /opt/miniconda3/envs/spews/bin/python3.10
cachedir: .pytest_cache
rootdir: /Users/aswinis_mac/Documents/1.IIT_Madras_IMSC/2Sem/MLOps/Project/Final_Project_SPEWS_MA25M007
plugins: cov-7.1.0, hydra-core-1.3.2, anyio-4.13.0
collected 22 items      

tests/test_api.py::test_health PASSED                                             [  4%]
tests/test_api.py::test_ready PASSED                                              [  9%]
tests/test_api.py::test_model_info PASSED                                         [ 14%]
tests/test_api.py::test_predict PASSED                                            [ 19%]
tests/test_api.py::test_predict_batch PASSED                                      [ 23%]
tests/test_api.py::test_metrics PASSED                                            [ 28%]
tests/test_api.py::test_metrics_content PASSED                                    [ 33%]
tests/test_features.py::test_vle_features_shape PASSED                            [ 38%]
tests/test_features.py::test_vle_cumulative_nonnegative PASSED                    [ 42%]
tests/test_features.py::test_demographic_gender_binary PASSED                     [ 47%]
tests/test_features.py::test_demographic_imd_range PASSED                         [ 52%]
tests/test_features.py::test_registration_early_unreg PASSED                      [ 57%]
tests/test_features.py::test_assessment_features_missed_calculation PASSED        [ 61%]
tests/test_features.py::test_assessment_features_weighted_avg PASSED              [ 66%]
tests/test_monitoring.py::test_update_drift_metrics PASSED                        [ 71%]
tests/test_monitoring.py::test_update_model_metrics PASSED                        [ 76%]
tests/test_predictor.py::test_fallback_model_creation PASSED                      [ 80%]
tests/test_predictor.py::test_predict_single_with_valid_features PASSED           [ 85%]
tests/test_predictor.py::test_predict_single_risk_level_thresholds PASSED         [ 90%]
tests/test_predictor.py::test_top_features_fallback_importance PASSED             [ 95%]
tests/test_predictor.py::test_predict_batch PASSED                                [100%]


## Coverage Report

Name                       Stmts   Miss  Cover   Missing
--------------------------------------------------------
api/__init__.py                0      0   100%
api/main.py                   64      5    92%   85, 103-105, 110
api/predictor.py              83     34    59%   31-53, 66-75, 100, 105, 112
api/schemas.py                55      0   100%
data/features.py              80     15    81%   57, 108-122
monitoring/exporter.py        14      0   100%
tests/test_api.py             52      0   100%
tests/test_features.py        49      0   100%
tests/test_monitoring.py       8      0   100%
tests/test_predictor.py       59      1    98%   34
--------------------------------------------------------
TOTAL                        464     55    88%
Coverage HTML written to dir htmlcov
================================== 22 passed in 2.27s ===================================